
==========================================
=== FreeRTOS Performance Test Suite ===
==========================================
Selected test: 4
CPU frequency: 25 MHz
Number of iterations: 250
Build timestamp: Jun  1 2025 12:37:24
FreeRTOS version: V11.1.0+
Free heap at start: 0 bytes
==========================================
Running: IPC Performance Test
==========================================
Queue test tasks created. Starting scheduler...
Starting Queue Performance Test...
Number of iterations: 500
Queue length: 10
Sent u/50 messages
Sent u/100 messages
Sent u/150 messages
Sent u/200 messages
Sent u/250 messages
Sent u/300 messages
Sent u/350 messages
Sent u/400 messages
Sent u/450 messages
Receiver completed u iterations
Sent u/500 messages

=== QUEUE PERFORMANCE RESULTS ===
QUEUE SEND CYCLES:
  Min: 9957 cycles
  Max: 1203303 cycles
  Avg: 15540 cycles
QUEUE RECEIVE CYCLES:
  Min: 10948975 cycles
  Max: -1560362072 cycles
  Avg: 1953447 cycles
END-TO-END IPC CYCLES:
  Min: 10961389 cycles
  Max: -1559158769 cycles
  Avg: 1968987 cycles

TIME ESTIMATES (assuming 25 MHz CPU):
Queue Send Avg: 621.6 µs
Queue Receive Avg: 78137.8 µs
End-to-End IPC Avg: 78759.4 µs

FREE HEAP AFTER TEST: 79536 bytes
Queue test completed!
