
==========================================
=== FreeRTOS Performance Test Suite ===
==========================================
Selected test: 3
CPU frequency: 25 MHz
Number of iterations: 300
Build timestamp: Jun  1 2025 12:26:28
FreeRTOS version: V11.1.0+
Free heap at start: 0 bytes
==========================================
Running: Synchronization Test
==========================================
Synchronization test task created. Starting scheduler...
Starting Synchronization Performance Test...
Number of iterations: 300

=== TESTING BINARY SEMAPHORE PERFORMANCE ===
Completed u/50 semaphore operations
Completed u/100 semaphore operations
Completed u/150 semaphore operations
Completed u/200 semaphore operations
Completed u/250 semaphore operations
Completed u/300 semaphore operations

=== TESTING MUTEX PERFORMANCE ===
Completed u/50 mutex operations
Completed u/100 mutex operations
Completed u/150 mutex operations
Completed u/200 mutex operations
Completed u/250 mutex operations
Completed u/300 mutex operations

=== SYNCHRONIZATION PERFORMANCE RESULTS ===
BINARY SEMAPHORE GIVE CYCLES:
  Min: 1117 cycles
  Max: 212673 cycles
  Avg: 1945 cycles
BINARY SEMAPHORE TAKE CYCLES:
  Min: 994 cycles
  Max: 400012 cycles
  Avg: 2446 cycles
MUTEX GIVE CYCLES:
  Min: 1221 cycles
  Max: 221978 cycles
  Avg: 2720 cycles
MUTEX TAKE CYCLES:
  Min: 1050 cycles
  Max: 210016 cycles
  Avg: 1884 cycles

TIME ESTIMATES (assuming 25 MHz CPU):
Semaphore Give Avg: 77.8 µs
Semaphore Take Avg: 97.8 µs
Mutex Give Avg: 108.8 µs
Mutex Take Avg: 75.3 µs

FREE HEAP AFTER TEST: 79488 bytes
Synchronization test completed!
