
==========================================
=== FreeRTOS Performance Test Suite ===
==========================================
Selected test: 1
CPU frequency: 25 MHz
Number of iterations: 500
Build timestamp: Jun  1 2025 12:35:52
FreeRTOS version: V11.1.0+
Free heap at start: 0 bytes
==========================================
Running: Context Switch Test
==========================================
Context switch test tasks created. Starting scheduler...
Starting Context Switch Performance Test...
Number of iterations: 1000
Completed u/100 context switch iterations
Completed u/200 context switch iterations
Completed u/300 context switch iterations
Completed u/400 context switch iterations
Completed u/500 context switch iterations
Completed u/600 context switch iterations
Completed u/700 context switch iterations
Completed u/800 context switch iterations
Completed u/900 context switch iterations
Completed u/1000 context switch iterations

=== CONTEXT SWITCH PERFORMANCE RESULTS ===
ROUND-TRIP CONTEXT SWITCH CYCLES:
  Min: 9878 cycles
  Max: 1183807 cycles
  Avg: 16400 cycles
SINGLE CONTEXT SWITCH (estimated):
  Avg: 8200 cycles

TIME ESTIMATES (assuming 25 MHz CPU):
Round-trip Context Switch Avg: 656.0 µs
Single Context Switch Avg: 328.0 µs
Context switch test completed!
