
==========================================
=== FreeRTOS Performance Test Suite ===
==========================================
Selected test: 4
CPU frequency: 25 MHz
Number of iterations: 250
Build timestamp: Jun  1 2025 12:38:10
FreeRTOS version: V11.1.0+
Free heap at start: 0 bytes
==========================================
Running: IPC Performance Test
==========================================
Queue test tasks created. Starting scheduler...
Starting Queue Performance Test...
Number of iterations: 500
Queue length: 10
Sent u/50 messages
Sent u/100 messages
Sent u/150 messages
Sent u/200 messages
Sent u/250 messages
Sent u/300 messages
Sent u/350 messages
Sent u/400 messages
Sent u/450 messages
Receiver completed u iterations
Sent u/500 messages

=== QUEUE PERFORMANCE RESULTS ===
QUEUE SEND CYCLES:
  Min: 9559 cycles
  Max: 1300599 cycles
  Avg: 16471 cycles
QUEUE RECEIVE CYCLES:
  Min: 11247179 cycles
  Max: -1556233356 cycles
  Avg: 2049119 cycles
END-TO-END IPC CYCLES:
  Min: 11260912 cycles
  Max: -1554932757 cycles
  Avg: 2065591 cycles

TIME ESTIMATES (assuming 25 MHz CPU):
Queue Send Avg: 658.8 µs
Queue Receive Avg: 81964.7 µs
End-to-End IPC Avg: 82623.6 µs

FREE HEAP AFTER TEST: 79536 bytes
Queue test completed!
