
==========================================
=== FreeRTOS Performance Test Suite ===
==========================================
Selected test: 4
CPU frequency: 25 MHz
Number of iterations: 250
Build timestamp: Jun  1 2025 12:39:43
FreeRTOS version: V11.1.0+
Free heap at start: 0 bytes
==========================================
Running: IPC Performance Test
==========================================
Queue test tasks created. Starting scheduler...
Starting Queue Performance Test...
Number of iterations: 500
Queue length: 10
Sent u/50 messages
Sent u/100 messages
Sent u/150 messages
Sent u/200 messages
Sent u/250 messages
Sent u/300 messages
Sent u/350 messages
Sent u/400 messages
Sent u/450 messages
Receiver completed u iterations
Sent u/500 messages

=== QUEUE PERFORMANCE RESULTS ===
QUEUE SEND CYCLES:
  Min: 10171 cycles
  Max: 1179210 cycles
  Avg: 15453 cycles
QUEUE RECEIVE CYCLES:
  Min: 10626485 cycles
  Max: -1557977675 cycles
  Avg: 1973431 cycles
END-TO-END IPC CYCLES:
  Min: 10639941 cycles
  Max: -1556798465 cycles
  Avg: 1988884 cycles

TIME ESTIMATES (assuming 25 MHz CPU):
Queue Send Avg: 618.1 µs
Queue Receive Avg: 78937.2 µs
End-to-End IPC Avg: 79555.3 µs

FREE HEAP AFTER TEST: 79536 bytes
Queue test completed!
