
==========================================
=== FreeRTOS Performance Test Suite ===
==========================================
Selected test: 4
CPU frequency: 25 MHz
Number of iterations: 250
Build timestamp: Jun  1 2025 12:38:56
FreeRTOS version: V11.1.0+
Free heap at start: 0 bytes
==========================================
Running: IPC Performance Test
==========================================
Queue test tasks created. Starting scheduler...
Starting Queue Performance Test...
Number of iterations: 500
Queue length: 10
Sent u/50 messages
Sent u/100 messages
Sent u/150 messages
Sent u/200 messages
Sent u/250 messages
Sent u/300 messages
Sent u/350 messages
Sent u/400 messages
Sent u/450 messages
Receiver completed u iterations
Sent u/500 messages

=== QUEUE PERFORMANCE RESULTS ===
QUEUE SEND CYCLES:
  Min: 10319 cycles
  Max: 1325621 cycles
  Avg: 16505 cycles
QUEUE RECEIVE CYCLES:
  Min: 1115707 cycles
  Max: -1558114726 cycles
  Avg: 2001643 cycles
END-TO-END IPC CYCLES:
  Min: 1128683 cycles
  Max: -1556789105 cycles
  Avg: 2018149 cycles

TIME ESTIMATES (assuming 25 MHz CPU):
Queue Send Avg: 660.2 µs
Queue Receive Avg: 80065.7 µs
End-to-End IPC Avg: 80725.9 µs

FREE HEAP AFTER TEST: 79536 bytes
Queue test completed!
