
==========================================
=== FreeRTOS Performance Test Suite ===
==========================================
Selected test: 2
CPU frequency: 25 MHz
Number of iterations: 200
Build timestamp: Jun  1 2025 12:31:12
FreeRTOS version: V11.1.0+
Free heap at start: 0 bytes
==========================================
Running: Memory Allocation Test
==========================================
Memory allocation test task created. Starting scheduler...
Starting Memory Allocation Performance Test...
Number of iterations per size: 200

=== TESTING SMALL ALLOCATIONS (32 bytes) ===
Free heap before test: 79824 bytes
Allocated u/50 blocks
Allocated u/100 blocks
Allocated u/150 blocks
Allocated u/200 blocks
Free heap after allocations: 70224 bytes
Freed u/u blocks
Freed u/u blocks
Freed u/u blocks
Freed u/u blocks
Free heap after deallocations: 79824 bytes

=== SMALL ALLOCATION STATISTICS ===
MALLOC CYCLES (u successful):
  Min: 1064 cycles
  Max: 69790 cycles
  Avg: 1512 cycles
FREE CYCLES (u successful):
  Min: 983 cycles
  Max: 512092 cycles
  Avg: 5065 cycles

TIME ESTIMATES (assuming 25 MHz CPU):
Malloc Avg: 60.4 µs
Free Avg: 202.6 µs

=== TESTING MEDIUM ALLOCATIONS (128 bytes) ===
Free heap before test: 79824 bytes
Allocated u/50 blocks
Allocated u/100 blocks
Allocated u/150 blocks
Allocated u/200 blocks
Free heap after allocations: 51024 bytes
Freed u/u blocks
Freed u/u blocks
Freed u/u blocks
Freed u/u blocks
Free heap after deallocations: 79824 bytes

=== MEDIUM ALLOCATION STATISTICS ===
MALLOC CYCLES (u successful):
  Min: 967 cycles
  Max: 98144 cycles
  Avg: 1529 cycles
FREE CYCLES (u successful):
  Min: 877 cycles
  Max: 6688 cycles
  Avg: 976 cycles

TIME ESTIMATES (assuming 25 MHz CPU):
Malloc Avg: 61.1 µs
Free Avg: 39.0 µs

=== TESTING LARGE ALLOCATIONS (512 bytes) ===
Free heap before test: 79824 bytes
Allocated u/50 blocks
Allocated u/100 blocks
Allocated u/150 blocks


Malloc failed
